Vivado Simulator 2018.3
Time resolution is 1 ps
8'hxx --> 2'b00 (a)
8'h67 --> 2'b10 (g)
8'h74 --> 2'b11 (t)
8'h63 --> 2'b01 (c)
8'h61 --> 2'b00 (a)
8'h63 --> 2'b01 (c)
8'h67 --> 2'b10 (g)
8'h67 --> 2'b10 (g)
8'h74 --> 2'b11 (t)
8'h67 --> 2'b10 (g)
8'h67 --> 2'b10 (g)
8'h67 --> 2'b10 (g)
8'h63 --> 2'b01 (c)
8'h74 --> 2'b11 (t)
8'h63 --> 2'b01 (c)
8'h61 --> 2'b00 (a)
8'h74 --> 2'b11 (t)
8'h74 --> 2'b11 (t)
8'h67 --> 2'b10 (g)
8'h67 --> 2'b10 (g)
8'h74 --> 2'b11 (t)
8'h61 --> 2'b00 (a)
8'h61 --> 2'b00 (a)
8'h61 --> 2'b00 (a)
8'h74 --> 2'b11 (t)
8'h74 --> 2'b11 (t)
8'h74 --> 2'b11 (t)
8'h74 --> 2'b11 (t)
8'h74 --> 2'b11 (t)
8'h00 --> 2'bzz (t)
8'h00 --> 2'bzz (t)
$finish called at time : 305 ns : File "C:/git/RLE/src/RLE.srcs/sim_1/new/nucleo_end_tb.sv" Line 62
