#-----------------------------------------------------------
# Vivado v2018.3 (64-bit)
# SW Build 2405991 on Thu Dec  6 23:38:27 MST 2018
# IP Build 2404404 on Fri Dec  7 01:43:56 MST 2018
# Start of session at: Wed Aug 18 16:58:32 2021
# Process ID: 17684
# Current directory: D:/MadziaPliki/SDUP/RLE_repo/RLE/src
# Command line: vivado.exe -gui_launcher_event rodinguilauncherevent1832 D:\MadziaPliki\SDUP\RLE_repo\RLE\src\RLE.xpr
# Log file: D:/MadziaPliki/SDUP/RLE_repo/RLE/src/vivado.log
# Journal file: D:/MadziaPliki/SDUP/RLE_repo/RLE/src\vivado.jou
#-----------------------------------------------------------
start_gui
open_project D:/MadziaPliki/SDUP/RLE_repo/RLE/src/RLE.xpr
CRITICAL WARNING: [Project 1-19] Could not find the file 'D:/MadziaPliki/SDUP/RLE_repo/RLE/src/top_noFIFO_tb_behav.wcfg'.
CRITICAL WARNING: [Project 1-19] Could not find the file 'D:/MadziaPliki/SDUP/RLE_repo/RLE/src/fifo_tb_behav.wcfg'.
Scanning sources...
Finished scanning sources
WARNING: [filemgmt 56-3] IP Repository Path: Could not find the directory 'D:/MadziaPliki/SDUP/RLE_repo/RLE/IPs/RLE_Encoder_1.0'.
WARNING: [filemgmt 56-3] IP Repository Path: Could not find the directory 'D:/MadziaPliki/SDUP/RLE_repo/RLE/ip_repo/RLE_encoder_1.0'.
INFO: [IP_Flow 19-234] Refreshing IP repositories
INFO: [IP_Flow 19-1700] Loaded user IP repository 'd:/MadziaPliki/SDUP/RLE_repo/RLE/Encoder IP/RLE_encoder_1.0'.
WARNING: [IP_Flow 19-2248] Failed to load user IP repository 'd:/MadziaPliki/SDUP/RLE_repo/RLE/IPs/RLE_Encoder_1.0'; Can't find the specified path.
If this directory should no longer be in your list of user repositories, go to the IP Settings dialog and remove it.
WARNING: [IP_Flow 19-2248] Failed to load user IP repository 'd:/MadziaPliki/SDUP/RLE_repo/RLE/ip_repo/RLE_encoder_1.0'; Can't find the specified path.
If this directory should no longer be in your list of user repositories, go to the IP Settings dialog and remove it.
INFO: [IP_Flow 19-2313] Loaded Vivado IP repository 'E:/Xilinx/Vivado/2018.3/data/ip'.
open_project: Time (s): cpu = 00:00:10 ; elapsed = 00:00:05 . Memory (MB): peak = 783.086 ; gain = 148.996
launch_simulation
INFO: [Vivado 12-5698] Checking validity of IPs in the design for the 'XSim' simulator...
INFO: [Vivado 12-5682] Launching behavioral simulation in 'D:/MadziaPliki/SDUP/RLE_repo/RLE/src/RLE.sim/sim_1/behav/xsim'
INFO: [Vivado 12-4795] Using compiled simulation libraries for IPs
INFO: [SIM-utils-51] Simulation object is 'sim_1'
INFO: [USF-XSim-7] Finding pre-compiled libraries...
INFO: [USF-XSim-11] File 'E:/Xilinx/Vivado/2018.3/data/xsim/xsim.ini' copied to run dir:'D:/MadziaPliki/SDUP/RLE_repo/RLE/src/RLE.sim/sim_1/behav/xsim'
INFO: [SIM-utils-54] Inspecting design source files for 'rle_decoder_dna_tb' in fileset 'sim_1'...
INFO: [SIM-utils-43] Exported 'D:/MadziaPliki/SDUP/RLE_repo/RLE/src/RLE.sim/sim_1/behav/xsim/testvectors.mem'
INFO: [SIM-utils-43] Exported 'D:/MadziaPliki/SDUP/RLE_repo/RLE/src/RLE.sim/sim_1/behav/xsim/encoder_testvectors.mem'
INFO: [SIM-utils-43] Exported 'D:/MadziaPliki/SDUP/RLE_repo/RLE/src/RLE.sim/sim_1/behav/xsim/testvectors.txt'
INFO: [SIM-utils-43] Exported 'D:/MadziaPliki/SDUP/RLE_repo/RLE/src/RLE.sim/sim_1/behav/xsim/encoder_testvectors.txt'
INFO: [SIM-utils-43] Exported 'D:/MadziaPliki/SDUP/RLE_repo/RLE/src/RLE.sim/sim_1/behav/xsim/testvectors.mem'
INFO: [SIM-utils-43] Exported 'D:/MadziaPliki/SDUP/RLE_repo/RLE/src/RLE.sim/sim_1/behav/xsim/encoder_testvectors.mem'
INFO: [USF-XSim-97] Finding global include files...
INFO: [USF-XSim-100] Fetching design files from 'sources_1'...(this may take a while)...
INFO: [USF-XSim-101] Fetching design files from 'sim_1'...
INFO: [USF-XSim-2] XSim::Compile design
INFO: [USF-XSim-61] Executing 'COMPILE and ANALYZE' step in 'D:/MadziaPliki/SDUP/RLE_repo/RLE/src/RLE.sim/sim_1/behav/xsim'
"xvlog --incr --relax -prj rle_decoder_dna_tb_vlog.prj"
INFO: [Common 17-41] Interrupt caught. Command should exit soon.
run_program: Time (s): cpu = 00:00:04 ; elapsed = 00:05:34 . Memory (MB): peak = 845.973 ; gain = 0.000
INFO: [Common 17-344] 'run_program' was cancelled
INFO: [Vivado 12-5357] 'compile' step aborted
launch_simulation: Time (s): cpu = 00:00:05 ; elapsed = 00:05:35 . Memory (MB): peak = 845.973 ; gain = 0.000
INFO: [Common 17-344] 'launch_simulation' was cancelled
launch_simulation
INFO: [Vivado 12-5698] Checking validity of IPs in the design for the 'XSim' simulator...
INFO: [Vivado 12-5682] Launching behavioral simulation in 'D:/MadziaPliki/SDUP/RLE_repo/RLE/src/RLE.sim/sim_1/behav/xsim'
INFO: [Vivado 12-4795] Using compiled simulation libraries for IPs
INFO: [SIM-utils-51] Simulation object is 'sim_1'
INFO: [USF-XSim-7] Finding pre-compiled libraries...
INFO: [USF-XSim-11] File 'E:/Xilinx/Vivado/2018.3/data/xsim/xsim.ini' copied to run dir:'D:/MadziaPliki/SDUP/RLE_repo/RLE/src/RLE.sim/sim_1/behav/xsim'
INFO: [SIM-utils-54] Inspecting design source files for 'rle_decoder_dna_tb' in fileset 'sim_1'...
INFO: [SIM-utils-43] Exported 'D:/MadziaPliki/SDUP/RLE_repo/RLE/src/RLE.sim/sim_1/behav/xsim/testvectors.mem'
INFO: [SIM-utils-43] Exported 'D:/MadziaPliki/SDUP/RLE_repo/RLE/src/RLE.sim/sim_1/behav/xsim/encoder_testvectors.mem'
INFO: [SIM-utils-43] Exported 'D:/MadziaPliki/SDUP/RLE_repo/RLE/src/RLE.sim/sim_1/behav/xsim/testvectors.txt'
INFO: [SIM-utils-43] Exported 'D:/MadziaPliki/SDUP/RLE_repo/RLE/src/RLE.sim/sim_1/behav/xsim/encoder_testvectors.txt'
INFO: [SIM-utils-43] Exported 'D:/MadziaPliki/SDUP/RLE_repo/RLE/src/RLE.sim/sim_1/behav/xsim/testvectors.mem'
INFO: [SIM-utils-43] Exported 'D:/MadziaPliki/SDUP/RLE_repo/RLE/src/RLE.sim/sim_1/behav/xsim/encoder_testvectors.mem'
INFO: [USF-XSim-97] Finding global include files...
INFO: [USF-XSim-100] Fetching design files from 'sources_1'...(this may take a while)...
INFO: [USF-XSim-101] Fetching design files from 'sim_1'...
INFO: [USF-XSim-2] XSim::Compile design
INFO: [USF-XSim-61] Executing 'COMPILE and ANALYZE' step in 'D:/MadziaPliki/SDUP/RLE_repo/RLE/src/RLE.sim/sim_1/behav/xsim'
"xvlog --incr --relax -prj rle_decoder_dna_tb_vlog.prj"
INFO: [Common 17-41] Interrupt caught. Command should exit soon.
run_program: Time (s): cpu = 00:00:01 ; elapsed = 00:00:26 . Memory (MB): peak = 854.281 ; gain = 0.000
INFO: [Common 17-344] 'run_program' was cancelled
INFO: [Vivado 12-5357] 'compile' step aborted
launch_simulation: Time (s): cpu = 00:00:01 ; elapsed = 00:00:26 . Memory (MB): peak = 854.281 ; gain = 0.000
INFO: [Common 17-344] 'launch_simulation' was cancelled
exit
INFO: [Common 17-206] Exiting Vivado at Wed Aug 18 17:06:33 2021...
