#-----------------------------------------------------------
# Vivado v2018.3 (64-bit)
# SW Build 2405991 on Thu Dec  6 23:38:27 MST 2018
# IP Build 2404404 on Fri Dec  7 01:43:56 MST 2018
# Start of session at: Fri Jun 11 12:50:18 2021
# Process ID: 12572
# Current directory: D:/MadziaPliki/SDUP/RLE_repo/RLE/src
# Command line: vivado.exe -gui_launcher_event rodinguilauncherevent10464 D:\MadziaPliki\SDUP\RLE_repo\RLE\src\RLE.xpr
# Log file: D:/MadziaPliki/SDUP/RLE_repo/RLE/src/vivado.log
# Journal file: D:/MadziaPliki/SDUP/RLE_repo/RLE/src\vivado.jou
#-----------------------------------------------------------
start_gui
open_project D:/MadziaPliki/SDUP/RLE_repo/RLE/src/RLE.xpr
INFO: [Project 1-313] Project file moved from 'C:/git/RLE/src' since last save.
Scanning sources...
Finished scanning sources
INFO: [IP_Flow 19-234] Refreshing IP repositories
INFO: [IP_Flow 19-1704] No user IP repositories specified
INFO: [IP_Flow 19-2313] Loaded Vivado IP repository 'E:/Xilinx/Vivado/2018.3/data/ip'.
open_project: Time (s): cpu = 00:00:10 ; elapsed = 00:00:12 . Memory (MB): peak = 747.543 ; gain = 150.258
update_compile_order -fileset sources_1
exit
INFO: [Common 17-206] Exiting Vivado at Fri Jun 11 13:20:44 2021...
